<?xml version="1.0" encoding="UTF-8"?>
<testsuite xmlns:xsi="http://www.w3.org/2001/XMLSchema-instance" xsi:noNamespaceSchemaLocation="https://maven.apache.org/surefire/maven-surefire-plugin/xsd/surefire-test-report-3.0.xsd" version="3.0" name="com.bptn.CucumberAutomation.cucumberRunners.RunCucumberTest" time="1.089" tests="1" errors="0" skipped="0" failures="0">
  <properties>
[...]
</properties>
  <testcase name="The example" classname="An example" time="0.834">
    <system-out><![CDATA[
  .   ____          _            __ _ _
 /\\ / ___'_ __ _ _(_)_ __  __ _ \ \ \ \
( ( )\___ | '_ | '_| | '_ \/ _` | \ \ \ \
 \\/  ___)| |_)| | | | | || (_| |  ) ) ) )
  '  |____| .__|_| |_|_| |_\__, | / / / /
 =========|_|==============|___/=/_/_/_/
 :: Spring Boot ::                (v3.1.5)

2023-11-06T22:23:00.639-05:00  INFO 71010 --- [           main] c.b.C.config.ContextConfig               : Starting ContextConfig using Java 17.0.8.1 with PID 71010 (started by main in /Users/main/Documents/Obsidi/project/CucumberAutomation)
2023-11-06T22:23:00.640-05:00 DEBUG 71010 --- [           main] c.b.C.config.ContextConfig               : Running with Spring Boot v3.1.5, Spring v6.0.13
2023-11-06T22:23:00.640-05:00  INFO 71010 --- [           main] c.b.C.config.ContextConfig               : No active profile set, falling back to 1 default profile: "default"
2023-11-06T22:23:00.847-05:00  INFO 71010 --- [           main] c.b.C.config.ContextConfig               : Started ContextConfig in 0.309 seconds (process running for 0.874)

Scenario: The example                       &amp#27;[90m# com/bptn/CucumberAutomation/features/example.feature:3&amp#27;[0m
Code to run before every scenario
Executing 'anExampleScenario' step
  &amp#27;[32mGiven &amp#27;[0m&amp#27;[32man example scenario&amp#27;[0m                 &amp#27;[90m# com.bptn.CucumberAutomation.stepDefinitions.ExampleSteps.an_example_scenario()&amp#27;[0m
Executing 'allStepDefinitionsAreImplemented' step
  &amp#27;[32mWhen &amp#27;[0m&amp#27;[32mall step definitions are implemented&amp#27;[0m &amp#27;[90m# com.bptn.CucumberAutomation.stepDefinitions.ExampleSteps.all_step_definitions_are_implemented()&amp#27;[0m
Executing 'whenAdditionalStepsAreAdded' step
  &amp#27;[32mAnd &amp#27;[0m&amp#27;[32madditional steps are added&amp#27;[0m            &amp#27;[90m# com.bptn.CucumberAutomation.stepDefinitions.ExampleSteps.additional_steps_are_added()&amp#27;[0m
Executing 'butUnnecessaryStepsAreRemoved' step
  &amp#27;[32mBut &amp#27;[0m&amp#27;[32munnecessary steps are removed&amp#27;[0m         &amp#27;[90m# com.bptn.CucumberAutomation.stepDefinitions.ExampleSteps.unnecessary_steps_are_removed()&amp#27;[0m
Executing 'theScenarioPasses' step
  &amp#27;[32mThen &amp#27;[0m&amp#27;[32mthe scenario passes&amp#27;[0m                  &amp#27;[90m# com.bptn.CucumberAutomation.stepDefinitions.ExampleSteps.the_scenario_passes()&amp#27;[0m
Code to run after every scenario
]]></system-out>
  </testcase>
</testsuite>